 gcccore/10.3.0 loaded.
 openssl/1.1 loaded.
 rust/1.63.0-gcccore-10.3.0 loaded.
 gcccore/10.3.0 unloaded.
 gcccore/11.2.0 loaded.
 zlib/1.2.11-gcccore-11.2.0 loaded.
 binutils/2.37-gcccore-11.2.0 loaded.
 intel-compilers/2021.4.0 loaded.
 numactl/2.0.14-gcccore-11.2.0 loaded.
 xz/5.2.5-gcccore-11.2.0 loaded.
 libxml2/2.9.10-gcccore-11.2.0 loaded.
 libpciaccess/0.16-gcccore-11.2.0 loaded.
 hwloc/2.5.0-gcccore-11.2.0 loaded.
 libevent/2.1.12-gcccore-11.2.0 loaded.
 ucx/1.11.2-gcccore-11.2.0 loaded.
 libfabric/1.13.2-gcccore-11.2.0 loaded.
 pmix/4.1.0-gcccore-11.2.0 loaded.
 openmpi/4.1.2-intel-compilers-2021.4.0 loaded.

The following have been reloaded with a version change:
  1) gcccore/10.3.0 => gcccore/11.2.0

 ncurses/6.2-gcccore-11.2.0 loaded.
 gmp/6.2.1-gcccore-11.2.0 loaded.
 z3/4.8.12-gcccore-11.2.0 loaded.
 libffi/3.4.2-gcccore-11.2.0 loaded.
 bzip2/1.0.8-gcccore-11.2.0 loaded.
 libarchive/3.5.1-gcccore-11.2.0 loaded.
 gzip/1.10-gcccore-11.2.0 loaded.
 lz4/1.9.3-gcccore-11.2.0 loaded.
 zstd/1.5.0-gcccore-11.2.0 loaded.
 elfutils/0.185-gcccore-11.2.0 loaded.
 cuda/11.4.1 loaded.
 clang/13.0.1-gcccore-11.2.0-cuda-11.4.1 loaded.
Compiling LAB02
    Updating crates.io index
    Finished release [optimized] target(s) in 0.13s
Starting LAB02
t=0.006167724;1228;n=10000