
> przyporządkowywane do procesów
         time  line  rank
0    0.001008     0     1
1    0.000945    11     1
2    0.000957    24     1
3    0.000966    33     1
4    0.000970    43     1
..        ...   ...   ...
101  0.000970   916     1
102  0.000964   925     1
103  0.000956   934     1
104  0.000952   942     1
105  0.000943   951     1

[106 rows x 3 columns]
         time  line  rank
318  0.000985     1     2
319  0.000913     9     2
320  0.000942    20     2
321  0.000941    32     2
322  0.000937    40     2
..        ...   ...   ...
420  0.000946   924     2
421  0.000939   933     2
422  0.000926   941     2
423  0.000927   950     2
424  0.000908   959     2

[107 rows x 3 columns]
         time  line  rank
106  0.000992     2     3
107  0.000928    10     3
108  0.000938    23     3
109  0.000938    30     3
110  0.000947    39     3
..        ...   ...   ...
207  0.000951   914     3
208  0.000948   922     3
209  0.000943   931     3
210  0.000936   943     3
211  0.000927   953     3

[106 rows x 3 columns]
         time  line  rank
853  0.000996     3     4
854  0.000929    12     4
855  0.000940    21     4
856  0.000943    31     4
857  0.000949    41     4
..        ...   ...   ...
955  0.000948   923     4
956  0.000941   932     4
957  0.000936   940     4
958  0.000926   949     4
959  0.000924   958     4

[107 rows x 3 columns]
         time  line  rank
212  0.000978     4     5
213  0.000916    13     5
214  0.000919    18     5
215  0.000922    27     5
216  0.000932    36     5
..        ...   ...   ...
313  0.000935   917     5
314  0.000928   926     5
315  0.000922   935     5
316  0.000917   944     5
317  0.000912   952     5

[106 rows x 3 columns]
         time  line  rank
425  0.001001     5     6
426  0.000914    16     6
427  0.000923    25     6
428  0.000925    34     6
429  0.000932    44     6
..        ...   ...   ...
527  0.000931   918     6
528  0.000926   927     6
529  0.000917   936     6
530  0.000917   945     6
531  0.000918   954     6

[107 rows x 3 columns]
         time  line  rank
746  0.000982     6     7
747  0.000916    15     7
748  0.000923    19     7
749  0.000923    28     7
750  0.000930    37     7
..        ...   ...   ...
848  0.000931   921     7
849  0.000924   930     7
850  0.000923   938     7
851  0.000912   948     7
852  0.000907   957     7

[107 rows x 3 columns]
         time  line  rank
532  0.001043     7     8
533  0.000921    17     8
534  0.000931    26     8
535  0.000933    35     8
536  0.000934    42     8
..        ...   ...   ...
634  0.000933   920     8
635  0.000925   929     8
636  0.000919   939     8
637  0.000914   946     8
638  0.000907   955     8

[107 rows x 3 columns]
         time  line  rank
639  0.000973     8     9
640  0.000916    14     9
641  0.000928    22     9
642  0.000927    29     9
643  0.000935    38     9
..        ...   ...   ...
741  0.000935   919     9
742  0.000927   928     9
743  0.000921   937     9
744  0.000917   947     9
745  0.000909   956     9

[107 rows x 3 columns]

> porownaj liczbę linii przyporządkowaną do każdego z procesów workerów
rank
1    106
2    107
3    106
4    107
5    106
6    107
7    107
8    107
9    107
dtype: int64

> Policz sumę czasów dla każdego z procesów workerów.
rank
1    0.439374
2    0.439259
3    0.442846
4    0.439512
5    0.438405
6    0.438161
7    0.437772
8    0.436356
9    0.436936
Name: time, dtype: float64